<?xml version="1.0" encoding="UTF-8"?>
<testsuite xmlns:xsi="http://www.w3.org/2001/XMLSchema-instance" xsi:noNamespaceSchemaLocation="https://maven.apache.org/surefire/maven-surefire-plugin/xsd/surefire-test-report-3.0.xsd" version="3.0" name="ClientApplicationTest" time="1.971" tests="4" errors="0" skipped="0" failures="0">
  <properties>
[...]
</properties>
  <testcase name="testGenerateAircraftReport" classname="ClientApplicationTest" time="1.89">
    <system-out><![CDATA[Boeing747 - Sunwing
]]></system-out>
    <system-err><![CDATA[WARNING: A Java agent has been loaded dynamically (C:\Users\GLEN\.m2\repository\net\bytebuddy\byte-buddy-agent\1.14.4\byte-buddy-agent-1.14.4.jar)
WARNING: If a serviceability tool is in use, please run with -XX:+EnableDynamicAgentLoading to hide this warning
WARNING: If a serviceability tool is not in use, please run with -Djdk.instrument.traceUsage for more information
WARNING: Dynamic loading of agents will be disallowed by default in a future release
]]></system-err>
  </testcase>
  <testcase name="testGenerateAirportReport" classname="ClientApplicationTest" time="0.004">
    <system-out><![CDATA[St. John's Airport - YYT
]]></system-out>
  </testcase>
  <testcase name="testGeneratePassengerReport" classname="ClientApplicationTest" time="0.014">
    <system-out><![CDATA[Glen Sturge - 709-722-2222
]]></system-out>
  </testcase>
  <testcase name="testGenerateCityReport" classname="ClientApplicationTest" time="0.005">
    <system-out><![CDATA[St. John's - Newfoundland
]]></system-out>
  </testcase>
</testsuite>